<?xml version="1.0" encoding="UTF-8"?>
<!-- Generated by org.testng.reporters.JUnitXMLReporter -->
<testsuite ignored="0" hostname="Jaymins-MacBook-Air.local" failures="0" tests="6" name="CreateUser Test" time="0.028" errors="0" timestamp="2021-05-31T23:23:47 EDT">
  <testcase classname="testcases.suitea.CreateUser" name="createUser" time="0.002"/>
  <testcase classname="testcases.suitea.CreateUser" name="createUser" time="0.001"/>
  <testcase classname="testcases.suitea.CreateUser" name="createUser" time="0.001"/>
  <testcase classname="testcases.suitea.CreateUser" name="deleteUser" time="0.001"/>
  <testcase classname="testcases.suitea.CreateUser" name="deleteUser" time="0.001"/>
  <testcase classname="testcases.suitea.CreateUser" name="deleteUser" time="0.0"/>
</testsuite> <!-- CreateUser Test -->
